Arguments: 
  C:\Program Files\nodejs\node.exe C:\Users\Joel\AppData\Roaming\npm\node_modules\yarn\bin\yarn.js

PATH: 
  C:\Users\Joel\bin;C:\Program Files\Git\mingw64\bin;C:\Program Files\Git\usr\local\bin;C:\Program Files\Git\usr\bin;C:\Program Files\Git\usr\bin;C:\Program Files\Git\mingw64\bin;C:\Program Files\Git\usr\bin;C:\Users\Joel\bin;C:\Python311\Scripts;C:\Python311;C:\Python310\Scripts;C:\Python310;C:\windows\system32;C:\windows;C:\windows\System32\Wbem;C:\windows\System32\WindowsPowerShell\v1.0;C:\windows\System32\OpenSSH;C:\Program Files (x86)\NVIDIA Corporation\PhysX\Common;C:\Program Files\NVIDIA Corporation\NVIDIA NvDLISR;C:\Program Files\Microsoft SQL Server\150\Tools\Binn;C:\Program Files\Microsoft SQL Server\Client SDK\ODBC\170\Tools\Binn;C:\Program Files\dotnet;C:\Program Files\Git\cmd;C:\ProgramData\chocolatey\bin;C:\WINDOWS\system32;C:\WINDOWS;C:\WINDOWS\System32\Wbem;C:\WINDOWS\System32\WindowsPowerShell\v1.0;C:\WINDOWS\System32\OpenSSH;C:\Users\Joel\AppData\Roaming\nvm;C:\Program Files\nodejs;C:\Users\Joel\AppData\Local\Microsoft\WindowsApps;C:\Users\Joel\.dotnet\tools;C:\Users\Joel\AppData\Local\Programs\Microsoft VS Code\bin;C:\Users\Joel\AppData\Local\Programs\Microsoft VS Code Insiders\bin;C:\Users\Joel\AppData\Roaming\npm;C:\Users\Joel\AppData\Roaming\nvm;C:\Program Files\nodejs;C:\Users\Joel\.dotnet\tools;C:\Program Files\Git\usr\bin\vendor_perl;C:\Program Files\Git\usr\bin\core_perl

Yarn version: 
  1.22.19

Node version: 
  18.16.0

Platform: 
  win32 x64

Trace: 
  Error: ENOENT: no such file or directory, open 'C:\Users\Joel\AppData\Local\Yarn\Cache\v6\npm-@swc-core-win32-x64-msvc-1.3.84-93964a76d100df255e97739165d5d74c72d7c88b-integrity\node_modules\@swc\core-win32-x64-msvc\.yarn-metadata.json'

npm manifest: 
  {
    "main": "dist/server/index.js",
    "engines": {
      "node": "18.x"
    },
    "nodemonConfig": {
      "ext": "ts",
      "exec": "npm run build && npm start"
    },
    "devDependencies": {
      "@babel/core": "^7.17.8",
      "@babel/preset-env": "^7.16.11",
      "@swc/core": "^1.2.174",
      "@swc/jest": "^0.2.20",
      "@types/jest": "^29.0.1",
      "add": "^2.0.6",
      "babel-jest": "^29.0.1",
      "husky": "^8.0.0",
      "jest": "^29.6.4",
      "ts-jest": "^27.1.4",
      "typescript": "^4.8.4",
      "yarn": "^1.22.18"
    },
    "scripts": {
      "start": "node .",
      "launch": "echo todo: doesn't work & cd ./src/server & ls & ls *.json & ts-node . & open http://localhost:3000",
      "build": "tsc",
      "test": "jest --watch --verbose",
      "test-all": "jest --verbose",
      "debug": "node --debug-brk --inspect ./node_modules/jest/bin/jest -i",
      "dev": "nodemon",
      "prepare": "husky install"
    },
    "dependencies": {
      "@types/express": "^4.17.13",
      "@types/ws": "^8.5.3",
      "async-lock": "^1.3.1",
      "create-react-app": "^5.0.1",
      "ejs": "^3.1.8",
      "express": "^4.18.1",
      "jest-websocket-mock": "^2.3.0",
      "jquery": "^3.6.0",
      "nodemon": "^2.0.19",
      "websocket": "^1.0.34"
    }
  }

yarn manifest: 
  No manifest

Lockfile: 
  No lockfile
