Arguments: 
  C:\Program Files\nodejs\node.exe C:\Users\Joel\AppData\Roaming\npm\node_modules\yarn\bin\yarn.js

PATH: 
  C:\Users\Joel\bin;C:\Program Files\Git\mingw64\bin;C:\Program Files\Git\usr\local\bin;C:\Program Files\Git\usr\bin;C:\Program Files\Git\usr\bin;C:\Program Files\Git\mingw64\bin;C:\Program Files\Git\usr\bin;C:\Users\Joel\bin;C:\Python311\Scripts;C:\Python311;C:\Python310\Scripts;C:\Python310;C:\windows\system32;C:\windows;C:\windows\System32\Wbem;C:\windows\System32\WindowsPowerShell\v1.0;C:\windows\System32\OpenSSH;C:\Program Files (x86)\NVIDIA Corporation\PhysX\Common;C:\Program Files\NVIDIA Corporation\NVIDIA NvDLISR;C:\Program Files\Microsoft SQL Server\150\Tools\Binn;C:\Program Files\Microsoft SQL Server\Client SDK\ODBC\170\Tools\Binn;C:\Program Files\dotnet;C:\Program Files\Git\cmd;C:\ProgramData\chocolatey\bin;C:\WINDOWS\system32;C:\WINDOWS;C:\WINDOWS\System32\Wbem;C:\WINDOWS\System32\WindowsPowerShell\v1.0;C:\WINDOWS\System32\OpenSSH;%NVM_HOME%;%NVM_SYMLINK%;C:\Users\Joel\AppData\Local\Microsoft\WindowsApps;C:\Users\Joel\.dotnet\tools;C:\Users\Joel\AppData\Local\Programs\Microsoft VS Code\bin;C:\Users\Joel\AppData\Local\Programs\Microsoft VS Code Insiders\bin;C:\Users\Joel\AppData\Roaming\npm;C:\Users\Joel\AppData\Roaming\nvm;C:\Program Files\nodejs;C:\Program Files\Git\usr\bin\vendor_perl;C:\Program Files\Git\usr\bin\core_perl

Yarn version: 
  1.22.19

Node version: 
  18.16.0

Platform: 
  win32 x64

Trace: 
  Error: ENOENT: no such file or directory, lstat 'C:\Users\Joel\AppData\Local\Yarn\Cache\v6\npm-caniuse-lite-1.0.30001492-4a06861788a52b4c81fd3344573b68cc87fe062b-integrity\node_modules\caniuse-lite\data'

npm manifest: 
  {
    "name": "mobtimer-vscodeversion24",
    "displayName": "Mobtimer for VSCode",
    "repository": "mobtimer-vscode",
    "description": "",
    "version": "0.0.21",
    "engines": {
      "vscode": "^1.77.0"
    },
    "categories": [
      "Other"
    ],
    "activationEvents": [
      "mobtimer.helloWorldversion24"
    ],
    "main": "./dist/extension.js",
    "contributes": {
      "commands": [
        {
          "command": "mobtimer.helloWorldversion24",
          "title": "Hello World version24"
        }
      ]
    },
    "scripts": {
      "vscode:prepublish": "yarn run compile",
      "compile": "tsc",
      "watch": "tsc -watch",
      "pretest": "yarn run compile && yarn run lint",
      "lint": "eslint src --ext ts",
      "test": "node ./dist/test/runTest.js"
    },
    "devDependencies": {
      "@types/glob": "^8.1.0",
      "@types/node": "18.x",
      "@types/vscode": "^1.77.0",
      "@typescript-eslint/eslint-plugin": "^5.56.0",
      "@typescript-eslint/parser": "^5.56.0",
      "@vscode/test-electron": "^2.3.0",
      "eslint": "^8.36.0",
      "glob": "^8.1.0",
      "typescript": "^4.9.5"
    },
    "dependencies": {
      "@types/jest": "^29.5.1",    
      "@types/ws": "^8.5.4",
      "jest": "^29.5.0",
      "websocket": "^1.0.34",
      "@types/websocket": "^1.0.5",
      "ws": "^8.13.0"
    }
  }

yarn manifest: 
  No manifest

Lockfile: 
  No lockfile
